#
# There is insufficient memory for the Java Runtime Environment to continue.
# Native memory allocation (mmap) failed to map 264241152 bytes for G1 virtual space
# Possible reasons:
#   The system is out of physical RAM or swap space
#   The process is running with CompressedOops enabled, and the Java Heap may be blocking the growth of the native heap
# Possible solutions:
#   Reduce memory load on the system
#   Increase physical memory or swap space
#   Check if swap backing store is full
#   Decrease Java heap size (-Xmx/-Xms)
#   Decrease number of Java threads
#   Decrease Java thread stack sizes (-Xss)
#   Set larger code cache with -XX:ReservedCodeCacheSize=
#   JVM is running with Zero Based Compressed Oops mode in which the Java heap is
#     placed in the first 32GB address space. The Java Heap base address is the
#     maximum limit for the native heap growth. Please use -XX:HeapBaseMinAddress
#     to set the Java Heap base and to place the Java Heap above 32GB virtual address.
# This output file may be truncated or incomplete.
#
#  Out of Memory Error (os_windows.cpp:3548), pid=22992, tid=15168
#
# JRE version:  (17.0.12+8) (build )
# Java VM: Java HotSpot(TM) 64-Bit Server VM (17.0.12+8-LTS-286, mixed mode, sharing, tiered, compressed oops, compressed class ptrs, g1 gc, windows-amd64)
# No core dump will be written. Minidumps are not enabled by default on client versions of Windows
#

---------------  S U M M A R Y ------------

Command Line: --enable-native-access=ALL-UNNAMED 

Host: 13th Gen Intel(R) Core(TM) i5-13420H, 12 cores, 15G,  Windows 11 , 64 bit Build 26100 (10.0.26100.7705)
Time: Sun Feb 15 11:55:58 2026 India Standard Time elapsed time: 0.045900 seconds (0d 0h 0m 0s)

---------------  T H R E A D  ---------------

Current thread (0x00000175dd450bc0):  JavaThread "Unknown thread" [_thread_in_vm, id=15168, stack(0x0000006b8cc00000,0x0000006b8cd00000)]

Stack: [0x0000006b8cc00000,0x0000006b8cd00000]
Native frames: (J=compiled Java code, j=interpreted, Vv=VM code, C=native code)
V  [jvm.dll+0x67a04a]
V  [jvm.dll+0x7da4ed]
V  [jvm.dll+0x7dbe33]
V  [jvm.dll+0x7dc4a3]
V  [jvm.dll+0x24508f]
V  [jvm.dll+0x677089]
V  [jvm.dll+0x66bd32]
V  [jvm.dll+0x301fa6]
V  [jvm.dll+0x309546]
V  [jvm.dll+0x359d2e]
V  [jvm.dll+0x359f5f]
V  [jvm.dll+0x2d9078]
V  [jvm.dll+0x2d9fe4]
V  [jvm.dll+0x7aca21]
V  [jvm.dll+0x367591]
V  [jvm.dll+0x78b999]
V  [jvm.dll+0x3ec83f]
V  [jvm.dll+0x3ee471]
C  [jli.dll+0x5297]
C  [ucrtbase.dll+0x37b0]
C  [KERNEL32.DLL+0x2e8d7]
C  [ntdll.dll+0x8c40c]


---------------  P R O C E S S  ---------------

Threads class SMR info:
_java_thread_list=0x00007ffa02a47a18, length=0, elements={
}

Java Threads: ( => current thread )

Other Threads:
  0x00000175dd4bd5f0 GCTaskThread "GC Thread#0" [stack: 0x0000006b8cd00000,0x0000006b8ce00000] [id=32048]
  0x00000175dd4d1440 ConcurrentGCThread "G1 Main Marker" [stack: 0x0000006b8ce00000,0x0000006b8cf00000] [id=18000]
  0x00000175dd4d1e50 ConcurrentGCThread "G1 Conc#0" [stack: 0x0000006b8cf00000,0x0000006b8d000000] [id=25628]

[error occurred during error reporting (printing all threads), id 0xc0000005, EXCEPTION_ACCESS_VIOLATION (0xc0000005) at pc=0x00007ffa02279b67]

VM state: not at safepoint (not fully initialized)

VM Mutex/Monitor currently owned by a thread:  ([mutex/lock_event])
[0x00000175dd44bfa0] Heap_lock - owner thread: 0x00000175dd450bc0

Heap address: 0x0000000705800000, size: 4008 MB, Compressed Oops mode: Zero based, Oop shift amount: 3

CDS archive(s) mapped at: [0x0000000000000000-0x0000000000000000-0x0000000000000000), size 0, SharedBaseAddress: 0x0000000800000000, ArchiveRelocationMode: 1.
Narrow klass base: 0x0000000000000000, Narrow klass shift: 0, Narrow klass range: 0x0

GC Precious Log:
<Empty>

Heap:
 garbage-first heap   total 0K, used 0K [0x0000000705800000, 0x0000000800000000)
  region size 2048K, 0 young (0K), 0 survivors (0K)

[error occurred during error reporting (printing heap information), id 0xc0000005, EXCEPTION_ACCESS_VIOLATION (0xc0000005) at pc=0x00007ffa02663859]

GC Heap History (0 events):
No events

Deoptimization events (0 events):
No events

Classes unloaded (0 events):
No events

Classes redefined (0 events):
No events

Internal exceptions (0 events):
No events

VM Operations (0 events):
No events

Events (1 events):
Event: 0.026 Loaded shared library C:\Program Files\Java\jdk-17\bin\java.dll


Dynamic libraries:
0x00007ff7f3080000 - 0x00007ff7f3090000 	C:\Program Files\Java\jdk-17\bin\java.exe
0x00007ffaf4940000 - 0x00007ffaf4ba8000 	C:\WINDOWS\SYSTEM32\ntdll.dll
0x00007ffaf32d0000 - 0x00007ffaf3399000 	C:\WINDOWS\System32\KERNEL32.DLL
0x00007ffaf1900000 - 0x00007ffaf1cf1000 	C:\WINDOWS\System32\KERNELBASE.dll
0x00007ffaf16f0000 - 0x00007ffaf183b000 	C:\WINDOWS\System32\ucrtbase.dll
0x00007ffadae20000 - 0x00007ffadae39000 	C:\Program Files\Java\jdk-17\bin\jli.dll
0x00007ffadadc0000 - 0x00007ffadaddb000 	C:\Program Files\Java\jdk-17\bin\VCRUNTIME140.dll
0x00007ffaf2c10000 - 0x00007ffaf2cc4000 	C:\WINDOWS\System32\ADVAPI32.dll
0x00007ffaf3050000 - 0x00007ffaf30f9000 	C:\WINDOWS\System32\msvcrt.dll
0x00007ffaf2770000 - 0x00007ffaf2816000 	C:\WINDOWS\System32\sechost.dll
0x00007ffaf29c0000 - 0x00007ffaf2ad8000 	C:\WINDOWS\System32\RPCRT4.dll
0x00007ffaf3100000 - 0x00007ffaf32c6000 	C:\WINDOWS\System32\USER32.dll
0x00007ffaf1840000 - 0x00007ffaf1867000 	C:\WINDOWS\System32\win32u.dll
0x00007ffacfcd0000 - 0x00007ffacff63000 	C:\WINDOWS\WinSxS\amd64_microsoft.windows.common-controls_6595b64144ccf1df_6.0.26100.7824_none_3e0870b2e3345462\COMCTL32.dll
0x00007ffaf4770000 - 0x00007ffaf479b000 	C:\WINDOWS\System32\GDI32.dll
0x00007ffaf1510000 - 0x00007ffaf163b000 	C:\WINDOWS\System32\gdi32full.dll
0x00007ffaf1640000 - 0x00007ffaf16e3000 	C:\WINDOWS\System32\msvcp_win.dll
0x00007ffae5bd0000 - 0x00007ffae5bdb000 	C:\WINDOWS\SYSTEM32\VERSION.dll
0x00007ffaf47a0000 - 0x00007ffaf47d1000 	C:\WINDOWS\System32\IMM32.DLL
0x00007ffae6320000 - 0x00007ffae632c000 	C:\Program Files\Java\jdk-17\bin\vcruntime140_1.dll
0x00007ffab2140000 - 0x00007ffab21ce000 	C:\Program Files\Java\jdk-17\bin\msvcp140.dll
0x00007ffa01f90000 - 0x00007ffa02b70000 	C:\Program Files\Java\jdk-17\bin\server\jvm.dll
0x00007ffaf2be0000 - 0x00007ffaf2be8000 	C:\WINDOWS\System32\PSAPI.DLL
0x00007ffadbed0000 - 0x00007ffadbf05000 	C:\WINDOWS\SYSTEM32\WINMM.dll
0x00007ffac7f00000 - 0x00007ffac7f0a000 	C:\WINDOWS\SYSTEM32\WSOCK32.dll
0x00007ffaf26f0000 - 0x00007ffaf2764000 	C:\WINDOWS\System32\ws2_32.DLL
0x00007ffaeff90000 - 0x00007ffaeffab000 	C:\WINDOWS\SYSTEM32\kernel.appcore.dll
0x00007ffadaef0000 - 0x00007ffadaefa000 	C:\Program Files\Java\jdk-17\bin\jimage.dll
0x00007ffaef150000 - 0x00007ffaef392000 	C:\WINDOWS\SYSTEM32\DBGHELP.DLL
0x00007ffaf3d70000 - 0x00007ffaf40f6000 	C:\WINDOWS\System32\combase.dll
0x00007ffaf2f70000 - 0x00007ffaf3047000 	C:\WINDOWS\System32\OLEAUT32.dll
0x00007fface2e0000 - 0x00007fface31b000 	C:\WINDOWS\SYSTEM32\dbgcore.DLL
0x00007ffaf2630000 - 0x00007ffaf26d5000 	C:\WINDOWS\System32\bcryptPrimitives.dll
0x00007ffac3f10000 - 0x00007ffac3f35000 	C:\Program Files\Java\jdk-17\bin\java.dll

dbghelp: loaded successfully - version: 4.0.5 - missing functions: none
symbol engine: initialized successfully - sym options: 0x614 - pdb path: .;C:\Program Files\Java\jdk-17\bin;C:\WINDOWS\SYSTEM32;C:\WINDOWS\WinSxS\amd64_microsoft.windows.common-controls_6595b64144ccf1df_6.0.26100.7824_none_3e0870b2e3345462;C:\Program Files\Java\jdk-17\bin\server

VM Arguments:
jvm_args: --enable-native-access=ALL-UNNAMED 
java_command: <unknown>
java_class_path (initial): <not set>
Launcher Type: SUN_STANDARD

[Global flags]
     intx CICompilerCount                          = 4                                         {product} {ergonomic}
     uint ConcGCThreads                            = 3                                         {product} {ergonomic}
     uint G1ConcRefinementThreads                  = 10                                        {product} {ergonomic}
   size_t G1HeapRegionSize                         = 2097152                                   {product} {ergonomic}
    uintx GCDrainStackTargetSize                   = 64                                        {product} {ergonomic}
   size_t InitialHeapSize                          = 264241152                                 {product} {ergonomic}
   size_t MarkStackSize                            = 4194304                                   {product} {ergonomic}
   size_t MaxHeapSize                              = 4202692608                                {product} {ergonomic}
   size_t MinHeapDeltaBytes                        = 2097152                                   {product} {ergonomic}
   size_t MinHeapSize                              = 8388608                                   {product} {ergonomic}
    uintx NonNMethodCodeHeapSize                   = 5839372                                {pd product} {ergonomic}
    uintx NonProfiledCodeHeapSize                  = 122909434                              {pd product} {ergonomic}
    uintx ProfiledCodeHeapSize                     = 122909434                              {pd product} {ergonomic}
    uintx ReservedCodeCacheSize                    = 251658240                              {pd product} {ergonomic}
     bool SegmentedCodeCache                       = true                                      {product} {ergonomic}
   size_t SoftMaxHeapSize                          = 4202692608                             {manageable} {ergonomic}
     bool UseCompressedClassPointers               = true                           {product lp64_product} {ergonomic}
     bool UseCompressedOops                        = true                           {product lp64_product} {ergonomic}
     bool UseG1GC                                  = true                                      {product} {ergonomic}
     bool UseLargePagesIndividualAllocation        = false                                  {pd product} {ergonomic}

Logging:
Log output configuration:
 #0: stdout all=warning uptime,level,tags
 #1: stderr all=off uptime,level,tags

Environment Variables:
PATH=C:\Program Files\Common Files\Oracle\Java\javapath;C:\Users\gk440\Downloads\Orcle\bin;C:\windows\system32;C:\windows;C:\windows\System32\Wbem;C:\windows\System32\WindowsPowerShell\v1.0\;C:\windows\System32\OpenSSH\;C:\Program Files (x86)\NVIDIA Corporation\PhysX\Common;C:\Program Files\NVIDIA Corporation\NVIDIA NvDLISR;C:\Users\Administrator\AppData\Local\Microsoft\WindowsApps;C:\Program Files\HP\OMEN-Broadcast\Common;C:\Program Files\HP\HP One Agent;C:\Program Files\Git\cmd;C:\Program Files\nodejs\node_modules\npm;C:\WINDOWS\system32;C:\WINDOWS;C:\WINDOWS\System32\Wbem;C:\WINDOWS\System32\WindowsPowerShell\v1.0\;C:\WINDOWS\System32\OpenSSH\;C:\Users\gk440\Downloads\ojdbc17.jar;C:\Program Files\apache-maven-3.9.11-bin\apache-maven-3.9.11\bin;C:\Program Files\apache-maven-3.9.11-bin\apache-maven-3.9.11\bin;C:\Users\gk440\Downloads\platform-tools-latest-windows\platform-tools;C:\Users\gk440\AppData\Local\Android\Sdk\platform-tools;C:\Users\gk440\AppData\Local\Android\Sdk\tools;C:\Users\gk440\AppData\Local\Android\Sdk\tools\bin;C:\Users\gk440\AppData\Local\Android\Sdk\cmdline-tools\latest\bin;C:\gradle\bin;C:\Program Files\nodejs\;C:\Users\gk440\AppData\Local\Muse Hub\lib;C:\Program Files\MySQL\MySQL Shell 8.0\bin\;C:\Users\gk440\AppData\Local\Android\Sdk\platform-tools;C:\Users\gk440\AppData\Local\Android\Sdk\tools;C:\Users\gk440\AppData\Local\Programs\Eclipse Adoptium\jdk-21.0.8.9-hotspot\bin;C:\Users\gk440\AppData\Local\Microsoft\WindowsApps;C:\Users\gk440\AppData\Local\Programs\Microsoft VS Code\bin;C:\Program Files\nodejs\node_modules\npm\bin;C:\Program Files\JetBrains\IntelliJ IDEA 2025.2\bin;C:\Users\gk440\AppData\Roaming\npm;C:\Users\gk440\AppData\Local\Programs\Windsurf\bin;C:\Users\gk440\AppData\Local\Muse Hub\lib
USERNAME=gk440
OS=Windows_NT
PROCESSOR_IDENTIFIER=Intel64 Family 6 Model 186 Stepping 2, GenuineIntel



---------------  S Y S T E M  ---------------

OS:
 Windows 11 , 64 bit Build 26100 (10.0.26100.7705)
OS uptime: 2 days 22:00 hours
Hyper-V role detected

CPU: total 12 (initial active 12) (6 cores per cpu, 2 threads per core) family 6 model 186 stepping 2 microcode 0x4122, cx8, cmov, fxsr, ht, mmx, 3dnowpref, sse, sse2, sse3, ssse3, sse4.1, sse4.2, popcnt, lzcnt, tsc, tscinvbit, avx, avx2, aes, erms, clmul, bmi1, bmi2, adx, sha, fma, vzeroupper, clflush, clflushopt, clwb, hv

Memory: 4k page, system-wide physical 16024M (1645M free)
TotalPageFile size 65136M (AvailPageFile size 184M)
current process WorkingSet (physical memory assigned to process): 12M, peak: 12M
current process commit charge ("private bytes"): 64M, peak: 316M

vm_info: Java HotSpot(TM) 64-Bit Server VM (17.0.12+8-LTS-286) for windows-amd64 JRE (17.0.12+8-LTS-286), built on Jun  5 2024 06:46:59 by "mach5one" with MS VC++ 17.6 (VS2022)

END.
